{
  "stats": {
    "suites": 1,
    "tests": 5,
    "passes": 5,
    "pending": 0,
    "failures": 0,
    "start": "2023-03-27T08:11:52.246Z",
    "end": "2023-03-27T08:12:58.283Z",
    "duration": 66037,
    "testsRegistered": 5,
    "passPercent": 100,
    "pendingPercent": 0,
    "other": 0,
    "hasOther": false,
    "skipped": 0,
    "hasSkipped": false
  },
  "results": [
    {
      "uuid": "bede93e3-597d-40a2-868d-3b6e44e520d5",
      "title": "",
      "fullFile": "cypress/web automation/E2E/testScripts.js",
      "file": "cypress/web automation/E2E/testScripts.js",
      "beforeHooks": [],
      "afterHooks": [],
      "tests": [],
      "suites": [
        {
          "uuid": "42e87cda-dc79-4892-9975-0f461c1b2a9c",
          "title": "Guru99 Test Suite",
          "fullFile": "",
          "file": "",
          "beforeHooks": [],
          "afterHooks": [],
          "tests": [
            {
              "title": "Verify user can login with valid credentials",
              "fullTitle": "Guru99 Test Suite Verify user can login with valid credentials",
              "timedOut": null,
              "duration": 12421,
              "state": "passed",
              "speed": "slow",
              "pass": true,
              "fail": false,
              "pending": false,
              "context": null,
              "code": "cy.get(\"@userIdInput\").type(validID);\ncy.get(\"@passwordInput\").type(validPassword);\ncy.get(\"@loginButton\").click();",
              "err": {},
              "uuid": "d003351d-9652-4278-94a2-7b70e803bdaa",
              "parentUUID": "42e87cda-dc79-4892-9975-0f461c1b2a9c",
              "isHook": false,
              "skipped": false
            },
            {
              "title": "Verify user cannot login with invalid credentials",
              "fullTitle": "Guru99 Test Suite Verify user cannot login with invalid credentials",
              "timedOut": null,
              "duration": 4552,
              "state": "passed",
              "speed": "fast",
              "pass": true,
              "fail": false,
              "pending": false,
              "context": null,
              "code": "cy.get(\"@userIdInput\").type(invalidID);\ncy.get(\"@passwordInput\").type(invalidPassword);\ncy.on(\"window:before:load\", win => {\n  cy.get(\"@loginButton\").click();\n});\ncy.on(\"window:alert\", str => {\n  expect(str).to.equal(\"User or Password is not valid\");\n  cy.get(\"body\").type(\"{esc}\");\n});",
              "err": {},
              "uuid": "8bddd867-d19e-4a92-a4e6-587c102923ce",
              "parentUUID": "42e87cda-dc79-4892-9975-0f461c1b2a9c",
              "isHook": false,
              "skipped": false
            },
            {
              "title": "Verify user can create new customer",
              "fullTitle": "Guru99 Test Suite Verify user can create new customer",
              "timedOut": null,
              "duration": 21806,
              "state": "passed",
              "speed": "slow",
              "pass": true,
              "fail": false,
              "pending": false,
              "context": null,
              "code": "cy.get(\":nth-child(1) > :nth-child(2) > input\").type(validID);\ncy.get(\":nth-child(2) > :nth-child(2) > input\").type(validPassword);\ncy.get('[type=\"submit\"]').click();\ncy.wait(300);\ncy.get(\".menusubnav > :nth-child(2) > a\").click();\ncy.get(\":nth-child(4) > :nth-child(2) > input\").type(customerName);\ncy.wait(500);\ncy.get(\"#dob\").type(\"2000-04-05\");\ncy.wait(500);\ncy.get(\"textarea\").type(address);\ncy.get(\":nth-child(8) > :nth-child(2) > input\").type(city);\ncy.get(\":nth-child(9) > :nth-child(2) > input\").type(state);\ncy.get(\":nth-child(10) > :nth-child(2) > input\").type(validPin);\ncy.get(\":nth-child(11) > :nth-child(2) > input\").type(mobileNum);\ncy.get(\":nth-child(12) > :nth-child(2) > input\").type(email);\ncy.get(\":nth-child(13) > :nth-child(2) > input\").type(customerPassword);\ncy.wait(500);\ncy.get('[type=\"submit\"]').click();",
              "err": {},
              "uuid": "5b461801-d15c-4e0e-9138-4bc6106b9072",
              "parentUUID": "42e87cda-dc79-4892-9975-0f461c1b2a9c",
              "isHook": false,
              "skipped": false
            },
            {
              "title": "Verify user can open account for new customer",
              "fullTitle": "Guru99 Test Suite Verify user can open account for new customer",
              "timedOut": null,
              "duration": 13721,
              "state": "passed",
              "speed": "slow",
              "pass": true,
              "fail": false,
              "pending": false,
              "context": null,
              "code": "cy.get(\":nth-child(1) > :nth-child(2) > input\").type(validID);\ncy.get(\":nth-child(2) > :nth-child(2) > input\").type(validPassword);\ncy.get('[type=\"submit\"]').click();\ncy.wait(300);\ncy.get(\".menusubnav > :nth-child(5) > a\").click();\ncy.get(\":nth-child(2) > :nth-child(2) > input\").type(18674);\ncy.get(\"select\").select(\"Current\").should(\"have.value\", \"Current\");\ncy.get(\":nth-child(4) > :nth-child(2) > input\").type(5000);\ncy.get('[type=\"submit\"]').click();",
              "err": {},
              "uuid": "8d3b6a44-b4c3-427c-945a-eb6665b3e7e3",
              "parentUUID": "42e87cda-dc79-4892-9975-0f461c1b2a9c",
              "isHook": false,
              "skipped": false
            },
            {
              "title": "Verify user can withdraw money from an existing account",
              "fullTitle": "Guru99 Test Suite Verify user can withdraw money from an existing account",
              "timedOut": null,
              "duration": 12982,
              "state": "passed",
              "speed": "slow",
              "pass": true,
              "fail": false,
              "pending": false,
              "context": null,
              "code": "cy.get(\":nth-child(1) > :nth-child(2) > input\").type(validID);\ncy.get(\":nth-child(2) > :nth-child(2) > input\").type(validPassword);\ncy.get('[type=\"submit\"]').click();\ncy.wait(300);\ncy.get(\".menusubnav > :nth-child(9) > a\").click();\ncy.get(\":nth-child(6) > :nth-child(2) > input\").type(customerAccountNumber);\ncy.get(\":nth-child(7) > :nth-child(2) > input\").type(withdrawalAmount);\nit(\"Verify user can withdraw money from an existing account\", function () {\n  cy.get(\":nth-child(1) > :nth-child(2) > input\").type(validID);\n  cy.get(\":nth-child(2) > :nth-child(2) > input\").type(validPassword);\n  cy.get('[type=\"submit\"]').click();\n  cy.wait(300);\n  cy.get(\".menusubnav > :nth-child(9) > a\").click();\n  cy.get(\":nth-child(6) > :nth-child(2) > input\").type(customerAccountNumber);\n  cy.get(\":nth-child(7) > :nth-child(2) > input\").type(withdrawalAmount);\n  cy.get(\"table.layout:nth-child(8) table:nth-child(1) tbody:nth-child(1) tr:nth-child(8) td:nth-child(2) > input:nth-child(1\").type(\"Test Funds\");\n  cy.on(\"uncaught:exception\", (err, runnable) => {\n    return false;\n  });\n  cy.get('[type=\"submit\"]').click();\n});\ncy.on(\"uncaught:exception\", (err, runnable) => {\n  return false;\n});\ncy.get('[type=\"submit\"]').click();",
              "err": {},
              "uuid": "f8e95c41-c0ea-45b6-ae99-27c34f62108a",
              "parentUUID": "42e87cda-dc79-4892-9975-0f461c1b2a9c",
              "isHook": false,
              "skipped": false
            }
          ],
          "suites": [],
          "passes": [
            "d003351d-9652-4278-94a2-7b70e803bdaa",
            "8bddd867-d19e-4a92-a4e6-587c102923ce",
            "5b461801-d15c-4e0e-9138-4bc6106b9072",
            "8d3b6a44-b4c3-427c-945a-eb6665b3e7e3",
            "f8e95c41-c0ea-45b6-ae99-27c34f62108a"
          ],
          "failures": [],
          "pending": [],
          "skipped": [],
          "duration": 65482,
          "root": false,
          "rootEmpty": false,
          "_timeout": 2000
        }
      ],
      "passes": [],
      "failures": [],
      "pending": [],
      "skipped": [],
      "duration": 0,
      "root": true,
      "rootEmpty": true,
      "_timeout": 2000
    }
  ],
  "meta": {
    "mocha": {
      "version": "7.0.1"
    },
    "mochawesome": {
      "options": {
        "quiet": false,
        "reportFilename": "mochawesome",
        "saveHtml": false,
        "saveJson": true,
        "consoleReporter": "spec",
        "useInlineDiffs": false,
        "code": true
      },
      "version": "7.1.3"
    },
    "marge": {
      "options": {
        "reportDir": "test-results/mochaawesome",
        "overwrite": "false",
        "html": false,
        "json": true
      },
      "version": "6.2.0"
    }
  }
}