{
  "stats": {
    "suites": 1,
    "tests": 5,
    "passes": 5,
    "pending": 0,
    "failures": 0,
    "start": "2023-03-27T04:27:05.242Z",
    "end": "2023-03-27T04:28:14.124Z",
    "duration": 68882,
    "testsRegistered": 5,
    "passPercent": 100,
    "pendingPercent": 0,
    "other": 0,
    "hasOther": false,
    "skipped": 0,
    "hasSkipped": false
  },
  "results": [
    {
      "uuid": "3404f07f-ae61-4192-b233-176271c54e9a",
      "title": "",
      "fullFile": "cypress/web automation/E2E/testScripts.js",
      "file": "cypress/web automation/E2E/testScripts.js",
      "beforeHooks": [],
      "afterHooks": [],
      "tests": [],
      "suites": [
        {
          "uuid": "c048feaf-19ce-4123-8dcc-73c1890a2924",
          "title": "Guru99 Test Suite",
          "fullFile": "",
          "file": "",
          "beforeHooks": [],
          "afterHooks": [],
          "tests": [
            {
              "title": "Verify user can login with valid credentials",
              "fullTitle": "Guru99 Test Suite Verify user can login with valid credentials",
              "timedOut": null,
              "duration": 13312,
              "state": "passed",
              "speed": "slow",
              "pass": true,
              "fail": false,
              "pending": false,
              "context": null,
              "code": "cy.get(\"@userIdInput\").type(validID);\ncy.get(\"@passwordInput\").type(validPassword);\ncy.get(\"@loginButton\").click();",
              "err": {},
              "uuid": "a1246a07-a47c-4781-ad21-590b7652ef4c",
              "parentUUID": "c048feaf-19ce-4123-8dcc-73c1890a2924",
              "isHook": false,
              "skipped": false
            },
            {
              "title": "Verify user cannot login with invalid credentials",
              "fullTitle": "Guru99 Test Suite Verify user cannot login with invalid credentials",
              "timedOut": null,
              "duration": 11554,
              "state": "passed",
              "speed": "slow",
              "pass": true,
              "fail": false,
              "pending": false,
              "context": null,
              "code": "cy.get(\"@userIdInput\").type(invalidID);\ncy.get(\"@passwordInput\").type(invalidPassword);\ncy.get(\"@loginButton\").click();\ncy.on(\"window:alert\", str => {\n  expect(str).to.equal(\"User or Password is not valid\");\n  cy.on(\"window:confirm\", () => true);\n});",
              "err": {},
              "uuid": "70cb94b0-3c31-4926-8a44-1e1479dbe51d",
              "parentUUID": "c048feaf-19ce-4123-8dcc-73c1890a2924",
              "isHook": false,
              "skipped": false
            },
            {
              "title": "Verify user can create new customer",
              "fullTitle": "Guru99 Test Suite Verify user can create new customer",
              "timedOut": null,
              "duration": 18868,
              "state": "passed",
              "speed": "slow",
              "pass": true,
              "fail": false,
              "pending": false,
              "context": null,
              "code": "cy.get(\":nth-child(1) > :nth-child(2) > input\").type(validID);\ncy.get(\":nth-child(2) > :nth-child(2) > input\").type(validPassword);\ncy.get('[type=\"submit\"]').click();\ncy.wait(300);\ncy.get(\".menusubnav > :nth-child(2) > a\").click();\ncy.get(\":nth-child(4) > :nth-child(2) > input\").type(customerName);\ncy.wait(500);\ncy.get(\"#dob\").type(\"2000-04-05\");\ncy.wait(500);\ncy.get(\"textarea\").type(address);\ncy.get(\":nth-child(8) > :nth-child(2) > input\").type(city);\ncy.get(\":nth-child(9) > :nth-child(2) > input\").type(state);\ncy.get(\":nth-child(10) > :nth-child(2) > input\").type(validPin);\ncy.get(\":nth-child(11) > :nth-child(2) > input\").type(mobileNum);\ncy.get(\":nth-child(12) > :nth-child(2) > input\").type(email);\ncy.get(\":nth-child(13) > :nth-child(2) > input\").type(customerPassword);\ncy.wait(500);\ncy.get('[type=\"submit\"]').click();",
              "err": {},
              "uuid": "508409d5-36c6-4b48-afbe-432706c228de",
              "parentUUID": "c048feaf-19ce-4123-8dcc-73c1890a2924",
              "isHook": false,
              "skipped": false
            },
            {
              "title": "Verify user can open account for new customer",
              "fullTitle": "Guru99 Test Suite Verify user can open account for new customer",
              "timedOut": null,
              "duration": 15439,
              "state": "passed",
              "speed": "slow",
              "pass": true,
              "fail": false,
              "pending": false,
              "context": null,
              "code": "cy.get(\":nth-child(1) > :nth-child(2) > input\").type(validID);\ncy.get(\":nth-child(2) > :nth-child(2) > input\").type(validPassword);\ncy.get('[type=\"submit\"]').click();\ncy.wait(300);\ncy.get(\".menusubnav > :nth-child(5) > a\").click();\ncy.get(\":nth-child(2) > :nth-child(2) > input\").type(18674);\ncy.get(\"select\").select(\"Current\").should(\"have.value\", \"Current\");\ncy.get(\":nth-child(4) > :nth-child(2) > input\").type(5000);\ncy.get('[type=\"submit\"]').click();",
              "err": {},
              "uuid": "38cf185b-a5a7-41bb-b9cd-5b9c493be990",
              "parentUUID": "c048feaf-19ce-4123-8dcc-73c1890a2924",
              "isHook": false,
              "skipped": false
            },
            {
              "title": "Verify user can withdraw money from an existing account",
              "fullTitle": "Guru99 Test Suite Verify user can withdraw money from an existing account",
              "timedOut": null,
              "duration": 9504,
              "state": "passed",
              "speed": "medium",
              "pass": true,
              "fail": false,
              "pending": false,
              "context": null,
              "code": "cy.get(\":nth-child(1) > :nth-child(2) > input\").type(validID);\ncy.get(\":nth-child(2) > :nth-child(2) > input\").type(validPassword);\ncy.get('[type=\"submit\"]').click();\ncy.wait(300);\ncy.get(\".menusubnav > :nth-child(9) > a\").click();\ncy.get(\":nth-child(6) > :nth-child(2) > input\").type(customerAccountNumber);\ncy.get(\":nth-child(7) > :nth-child(2) > input\").type(withdrawalAmount);\nit(\"Verify user can withdraw money from an existing account\", function () {\n  cy.get(\":nth-child(1) > :nth-child(2) > input\").type(validID);\n  cy.get(\":nth-child(2) > :nth-child(2) > input\").type(validPassword);\n  cy.get('[type=\"submit\"]').click();\n  cy.wait(300);\n  cy.get(\".menusubnav > :nth-child(9) > a\").click();\n  cy.get(\":nth-child(6) > :nth-child(2) > input\").type(customerAccountNumber);\n  cy.get(\":nth-child(7) > :nth-child(2) > input\").type(withdrawalAmount);\n  cy.get(\"table.layout:nth-child(8) table:nth-child(1) tbody:nth-child(1) tr:nth-child(8) td:nth-child(2) > input:nth-child(1\").type(\"Test Funds\");\n  cy.on(\"uncaught:exception\", (err, runnable) => {\n    return false;\n  });\n  cy.get('[type=\"submit\"]').click();\n});\ncy.on(\"uncaught:exception\", (err, runnable) => {\n  return false;\n});\ncy.get('[type=\"submit\"]').click();",
              "err": {},
              "uuid": "1217af8e-fc07-4394-a20e-a63c9b4a7ed8",
              "parentUUID": "c048feaf-19ce-4123-8dcc-73c1890a2924",
              "isHook": false,
              "skipped": false
            }
          ],
          "suites": [],
          "passes": [
            "a1246a07-a47c-4781-ad21-590b7652ef4c",
            "70cb94b0-3c31-4926-8a44-1e1479dbe51d",
            "508409d5-36c6-4b48-afbe-432706c228de",
            "38cf185b-a5a7-41bb-b9cd-5b9c493be990",
            "1217af8e-fc07-4394-a20e-a63c9b4a7ed8"
          ],
          "failures": [],
          "pending": [],
          "skipped": [],
          "duration": 68677,
          "root": false,
          "rootEmpty": false,
          "_timeout": 2000
        }
      ],
      "passes": [],
      "failures": [],
      "pending": [],
      "skipped": [],
      "duration": 0,
      "root": true,
      "rootEmpty": true,
      "_timeout": 2000
    }
  ],
  "meta": {
    "mocha": {
      "version": "7.0.1"
    },
    "mochawesome": {
      "options": {
        "quiet": false,
        "reportFilename": "mochawesome",
        "saveHtml": false,
        "saveJson": true,
        "consoleReporter": "spec",
        "useInlineDiffs": false,
        "code": true
      },
      "version": "7.1.3"
    },
    "marge": {
      "options": {
        "reportDir": "test-results/mochaawesome",
        "overwrite": "false",
        "html": false,
        "json": true
      },
      "version": "6.2.0"
    }
  }
}